2016-09-23 10:43:46  [ Thread-0:0 ] - [ INFO ]  [连接成功]userId:1userName:nulluserSocket:null
2016-09-23 10:46:12  [ Thread-0:145973 ] - [ INFO ]  [连接成功]userId:1userName:nulluserSocket:null
2016-09-23 10:47:56  [ Thread-0:250479 ] - [ INFO ]  [连接成功]userId:1userName:nulluserSocket:null
2016-09-23 10:58:52  [ Thread-0:905782 ] - [ INFO ]  [连接成功]userId:1userName:nulluserSocket:null
2016-09-23 10:59:00  [ Thread-4:914325 ] - [ INFO ]  接收到1:123
2016-09-23 12:05:35  [ Thread-0:4909276 ] - [ INFO ]  [连接成功]userId:1userName:nulluserSocket:null
2016-09-23 12:05:42  [ Thread-5:4916354 ] - [ INFO ]  接收到1:123
2016-09-23 12:10:11  [ Thread-0:5185535 ] - [ INFO ]  [连接成功]userId:1userName:nulluserSocket:null
2016-09-23 12:10:30  [ Thread-6:5204273 ] - [ INFO ]  接收到1:123
2016-09-23 12:32:50  [ Thread-0:6543921 ] - [ INFO ]  [连接成功]userId:1userName:nulluserSocket:null
2016-09-23 12:37:58  [ Thread-0:0 ] - [ INFO ]  [连接成功]userId:1userName:nulluserSocket:null
2016-09-23 12:38:06  [ Thread-1:7544 ] - [ INFO ]  接收到1:123
2016-09-23 12:38:33  [ Thread-0:34920 ] - [ INFO ]  [连接成功]userId:1userName:nulluserSocket:null
2016-09-23 12:38:46  [ Thread-2:48119 ] - [ INFO ]  接收到1:123
2016-09-23 12:38:55  [ Thread-2:57185 ] - [ INFO ]  接收到1:123
2016-09-23 12:51:53  [ Thread-0:0 ] - [ INFO ]  [连接成功]userId:1userName:nulluserSocket:null
2016-09-23 12:51:59  [ Thread-1:6480 ] - [ INFO ]  接收到1:123
2016-09-23 12:52:00  [ Thread-1:7167 ] - [ INFO ]  接收到1:123
2016-09-23 12:52:10  [ Thread-1:17286 ] - [ INFO ]  接收到1:123
2016-09-23 12:52:12  [ Thread-1:19895 ] - [ INFO ]  接收到1:qw
2016-09-23 12:52:15  [ Thread-1:22238 ] - [ INFO ]  接收到1:qwe
2016-09-23 15:04:34  [ Thread-0:0 ] - [ INFO ]  [连接成功]userId:1userName:nulluserSocket:null
2016-09-23 15:04:40  [ Thread-1:6427 ] - [ INFO ]  接收到1:123
2016-09-23 15:04:53  [ Thread-1:19270 ] - [ INFO ]  接收到1:请问
2016-09-23 15:04:55  [ Thread-1:21734 ] - [ INFO ]  接收到1:qwer
2016-09-23 15:04:57  [ Thread-1:23118 ] - [ INFO ]  接收到1:qwer
2016-09-23 15:04:58  [ Thread-1:24430 ] - [ INFO ]  接收到1:ddd
2016-09-23 15:04:59  [ Thread-1:25854 ] - [ INFO ]  接收到1:ssss
2016-09-23 15:05:02  [ Thread-1:28734 ] - [ INFO ]  接收到1:fafds
2016-09-23 15:09:50  [ Thread-1:316534 ] - [ INFO ]  接收到1:请问
2016-09-23 15:22:30  [ Thread-0:1076370 ] - [ INFO ]  [连接成功]userId:1userName:nulluserSocket:null
2016-09-23 15:22:40  [ Thread-2:1086574 ] - [ INFO ]  接收到1:123&123
2016-09-23 15:23:08  [ Thread-0:1114154 ] - [ INFO ]  [连接成功]userId:1userName:nulluserSocket:null
2016-09-23 15:23:30  [ Thread-3:1136336 ] - [ INFO ]  接收到1:123&123
2016-09-23 15:54:12  [ Thread-0:0 ] - [ INFO ]  [连接成功]userId:1userName:nulluserSocket:null
2016-09-23 15:54:16  [ Thread-1:4104 ] - [ INFO ]  接收到1:0123&123
2016-09-23 15:55:30  [ Thread-0:78346 ] - [ INFO ]  [连接成功]userId:1userName:nulluserSocket:null
2016-09-23 15:56:13  [ Thread-2:120803 ] - [ INFO ]  接收到1:0123&123
2016-09-23 16:02:26  [ Thread-0:0 ] - [ INFO ]  [连接成功]userId:1userName:nulluserSocket:null
2016-09-23 16:21:31  [ Thread-0:1 ] - [ INFO ]  [连接成功]userId:1userName:nulluserSocket:null
2016-09-23 16:21:51  [ Thread-0:19156 ] - [ INFO ]  [连接成功]userId:1userName:nulluserSocket:null
2016-09-23 16:43:42  [ Thread-0:1330972 ] - [ INFO ]  [连接成功]userId:1userName:nulluserSocket:null
2016-09-23 17:10:51  [ Thread-0:0 ] - [ INFO ]  [连接成功]userId:1userName:nulluserSocket:null
2016-09-23 17:10:56  [ Thread-1:5457 ] - [ INFO ]  接收到1:0123&123
2016-09-23 17:16:59  [ Thread-0:367912 ] - [ INFO ]  [连接成功]userId:1userName:nulluserSocket:null
2016-09-23 17:17:03  [ Thread-2:371859 ] - [ INFO ]  接收到1:0123&123
2016-09-23 17:17:12  [ Thread-2:381190 ] - [ INFO ]  接收到1:0123&123
2016-09-23 17:19:39  [ Thread-0:527883 ] - [ INFO ]  [连接成功]userId:1userName:nulluserSocket:null
2016-09-23 17:19:42  [ Thread-3:530965 ] - [ INFO ]  接收到1:0123&123
2016-09-23 17:20:28  [ Thread-0:0 ] - [ INFO ]  [连接成功]userId:1userName:nulluserSocket:null
2016-09-23 17:20:49  [ Thread-1:21458 ] - [ INFO ]  接收到1:0123&123
2016-09-23 17:33:04  [ Thread-0:756456 ] - [ INFO ]  [连接成功]userId:1userName:nulluserSocket:null
2016-09-23 17:33:08  [ Thread-2:760445 ] - [ INFO ]  接收到1:0123&123
2016-09-23 17:34:09  [ Thread-0:821042 ] - [ INFO ]  [连接成功]userId:1userName:nulluserSocket:null
2016-09-23 17:34:12  [ Thread-3:824485 ] - [ INFO ]  接收到1:0123&123
2016-09-23 17:51:03  [ Thread-0:0 ] - [ INFO ]  [连接成功]userId:1userName:nulluserSocket:null
2016-09-23 17:51:06  [ Thread-1:3680 ] - [ INFO ]  接收到1:0123&123
2016-09-23 17:52:30  [ Thread-0:0 ] - [ INFO ]  [连接成功]userId:1userName:nulluserSocket:null
2016-09-23 17:52:34  [ Thread-1:4285 ] - [ INFO ]  接收到1:0123&123
2016-09-23 17:56:00  [ Thread-0:210060 ] - [ INFO ]  [连接成功]userId:1userName:nulluserSocket:null
2016-09-23 17:56:12  [ Thread-2:222227 ] - [ INFO ]  接收到1:0123&123
2016-09-23 17:56:42  [ Thread-0:0 ] - [ INFO ]  [连接成功]userId:1userName:nulluserSocket:null
2016-09-23 17:57:46  [ Thread-0:64069 ] - [ INFO ]  [连接成功]userId:1userName:nulluserSocket:null
2016-09-23 17:58:38  [ Thread-0:116286 ] - [ INFO ]  [连接成功]userId:1userName:nulluserSocket:null
2016-09-23 18:00:08  [ Thread-0:205475 ] - [ INFO ]  [连接成功]userId:1userName:nulluserSocket:null
2016-09-23 18:01:31  [ Thread-0:288646 ] - [ INFO ]  [连接成功]userId:1userName:nulluserSocket:null
2016-09-23 18:02:19  [ Thread-0:336520 ] - [ INFO ]  [连接成功]userId:1userName:nulluserSocket:null
2016-09-23 18:03:44  [ Thread-0:422139 ] - [ INFO ]  [连接成功]userId:1userName:nulluserSocket:null
2016-09-23 18:05:57  [ Thread-0:555272 ] - [ INFO ]  [连接成功]userId:1userName:nulluserSocket:null
2016-09-23 18:06:11  [ Thread-0:568377 ] - [ INFO ]  [连接成功]userId:1userName:nulluserSocket:null
2016-09-23 18:08:03  [ Thread-0:680561 ] - [ INFO ]  [连接成功]userId:1userName:nulluserSocket:null
2016-09-23 18:11:37  [ Thread-0:895058 ] - [ INFO ]  [连接成功]userId:1userName:nulluserSocket:null
